0 info it worked if it ends with ok
1 verbose cli [ '/Users/baoshuaishuai/.nvm/versions/node/v5.10.1/bin/node',
1 verbose cli   '/Users/baoshuaishuai/.nvm/versions/node/v5.10.1/bin/npm',
1 verbose cli   'run',
1 verbose cli   'es6' ]
2 info using npm@3.8.3
3 info using node@v5.10.1
4 verbose run-script [ 'prees6', 'es6', 'postes6' ]
5 info lifecycle edaReddit@0.0.0~prees6: edaReddit@0.0.0
6 silly lifecycle edaReddit@0.0.0~prees6: no script for prees6, continuing
7 info lifecycle edaReddit@0.0.0~es6: edaReddit@0.0.0
8 verbose lifecycle edaReddit@0.0.0~es6: unsafe-perm in lifecycle true
9 verbose lifecycle edaReddit@0.0.0~es6: PATH: /Users/baoshuaishuai/.nvm/versions/node/v5.10.1/lib/node_modules/npm/bin/node-gyp-bin:/Users/baoshuaishuai/EDA-2016/edaReddit/node_modules/.bin:/Users/baoshuaishuai/.nvm/versions/node/v5.10.1/bin:/Users/baoshuaishuai/.nvm/versions/node/v5.10.1/bin:/Users/baoshuaishuai/.rvm/gems/ruby-2.2.1/bin:/Users/baoshuaishuai/.rvm/gems/ruby-2.2.1@global/bin:/Users/baoshuaishuai/.rvm/rubies/ruby-2.2.1/bin:/usr/local/bin:/usr/bin:/bin:/usr/sbin:/sbin:/Users/baoshuaishuai/.rvm/bin:/Users/baoshuaishuai/.rvm/bin
10 verbose lifecycle edaReddit@0.0.0~es6: CWD: /Users/baoshuaishuai/EDA-2016/edaReddit
11 silly lifecycle edaReddit@0.0.0~es6: Args: [ '-c', 'babel-node --presets es2015 ./bin/www' ]
12 silly lifecycle edaReddit@0.0.0~es6: Returned: code: 1  signal: null
13 info lifecycle edaReddit@0.0.0~es6: Failed to exec es6 script
14 verbose stack Error: edaReddit@0.0.0 es6: `babel-node --presets es2015 ./bin/www`
14 verbose stack Exit status 1
14 verbose stack     at EventEmitter.<anonymous> (/Users/baoshuaishuai/.nvm/versions/node/v5.10.1/lib/node_modules/npm/lib/utils/lifecycle.js:239:16)
14 verbose stack     at emitTwo (events.js:100:13)
14 verbose stack     at EventEmitter.emit (events.js:185:7)
14 verbose stack     at ChildProcess.<anonymous> (/Users/baoshuaishuai/.nvm/versions/node/v5.10.1/lib/node_modules/npm/lib/utils/spawn.js:24:14)
14 verbose stack     at emitTwo (events.js:100:13)
14 verbose stack     at ChildProcess.emit (events.js:185:7)
14 verbose stack     at maybeClose (internal/child_process.js:850:16)
14 verbose stack     at Process.ChildProcess._handle.onexit (internal/child_process.js:215:5)
15 verbose pkgid edaReddit@0.0.0
16 verbose cwd /Users/baoshuaishuai/EDA-2016/edaReddit
17 error Darwin 14.5.0
18 error argv "/Users/baoshuaishuai/.nvm/versions/node/v5.10.1/bin/node" "/Users/baoshuaishuai/.nvm/versions/node/v5.10.1/bin/npm" "run" "es6"
19 error node v5.10.1
20 error npm  v3.8.3
21 error code ELIFECYCLE
22 error edaReddit@0.0.0 es6: `babel-node --presets es2015 ./bin/www`
22 error Exit status 1
23 error Failed at the edaReddit@0.0.0 es6 script 'babel-node --presets es2015 ./bin/www'.
23 error Make sure you have the latest version of node.js and npm installed.
23 error If you do, this is most likely a problem with the edaReddit package,
23 error not with npm itself.
23 error Tell the author that this fails on your system:
23 error     babel-node --presets es2015 ./bin/www
23 error You can get information on how to open an issue for this project with:
23 error     npm bugs edaReddit
23 error Or if that isn't available, you can get their info via:
23 error     npm owner ls edaReddit
23 error There is likely additional logging output above.
24 verbose exit [ 1, true ]
